[debug] [2018-01-21T15:13:54.440Z] ----------------------------------------------------------------------
[debug] [2018-01-21T15:13:54.441Z] Command:       /usr/local/bin/node /usr/local/bin/firebase deploy
[debug] [2018-01-21T15:13:54.442Z] CLI Version:   3.17.0
[debug] [2018-01-21T15:13:54.442Z] Platform:      darwin
[debug] [2018-01-21T15:13:54.442Z] Node Version:  v8.4.0
[debug] [2018-01-21T15:13:54.442Z] Time:          Sun Jan 21 2018 16:13:54 GMT+0100 (CET)
[debug] [2018-01-21T15:13:54.442Z] ----------------------------------------------------------------------
[debug] 
[debug] [2018-01-21T15:13:54.460Z] > command requires scopes: ["email","openid","https://www.googleapis.com/auth/cloudplatformprojects.readonly","https://www.googleapis.com/auth/firebase","https://www.googleapis.com/auth/cloud-platform"]
[debug] [2018-01-21T15:13:54.460Z] > authorizing via signed-in user
[debug] [2018-01-21T15:13:54.462Z] > refreshing access token with scopes: ["email","https://www.googleapis.com/auth/cloud-platform","https://www.googleapis.com/auth/cloudplatformprojects.readonly","https://www.googleapis.com/auth/firebase","openid"]
[debug] [2018-01-21T15:13:54.462Z] >>> HTTP REQUEST POST https://www.googleapis.com/oauth2/v3/token  
 { refresh_token: '1/aQ2h2bn5OLdNXWPBZ7igdaHY04I467WKTecFF9VgMec',
  client_id: '563584335869-fgrhgmd47bqnekij5i8b5pr03ho849e6.apps.googleusercontent.com',
  client_secret: 'j9iVZfS8kkCEFUPaAeJV0sAi',
  grant_type: 'refresh_token',
  scope: 'email https://www.googleapis.com/auth/cloud-platform https://www.googleapis.com/auth/cloudplatformprojects.readonly https://www.googleapis.com/auth/firebase openid' } 
 Sun Jan 21 2018 16:13:54 GMT+0100 (CET)
[debug] [2018-01-21T15:13:54.631Z] <<< HTTP RESPONSE 200
[debug] [2018-01-21T15:13:54.639Z] >>> HTTP REQUEST GET https://admin.firebase.com/v1/projects/denkmalmit-website  
  
 Sun Jan 21 2018 16:13:54 GMT+0100 (CET)
[debug] [2018-01-21T15:13:56.529Z] <<< HTTP RESPONSE 200
[debug] [2018-01-21T15:13:56.530Z] >>> HTTP REQUEST GET https://admin.firebase.com/v1/database/denkmalmit-website/tokens  
  
 Sun Jan 21 2018 16:13:56 GMT+0100 (CET)
[debug] [2018-01-21T15:13:57.349Z] <<< HTTP RESPONSE 200
[info] 
[info] === Deploying to 'denkmalmit-website'...
[info] 
[info] i  deploying hosting
[info] i  hosting: preparing dist directory for upload...
[debug] [2018-01-21T15:13:58.100Z] >>> HTTP REQUEST PUT https://deploy.firebase.com/v1/hosting/denkmalmit-website/uploads/-L3OH7Aff3aBAK02OYB4?fileCount=11&message=  
  
 Sun Jan 21 2018 16:13:58 GMT+0100 (CET)
